<?xml version="1.0" encoding="UTF-8"?>
<!-- Generated by org.testng.reporters.JUnitReportReporter -->
<testsuite hostname="DESKTOP-MLJGBCN" failures="0" tests="5" name="Education.TestNG" time="0.054" errors="0" timestamp="2023-03-20T15:21:33 IST" skipped="0">
  <testcase classname="Education.TestNG" name="TestC" time="0.022"/>
  <system-out/>
  <testcase classname="Education.TestNG" name="TestB" time="0.008"/>
  <system-out/>
  <testcase classname="Education.TestNG" name="ATestD" time="0.013"/>
  <system-out/>
  <testcase classname="Education.TestNG" name="TestA" time="0.006"/>
  <system-out/>
  <testcase classname="Education.TestNG" name="TestE" time="0.005"/>
  <system-out/>
</testsuite> <!-- Education.TestNG -->
