<?xml version="1.0" encoding="UTF-8"?>
<!-- Generated by org.testng.reporters.JUnitReportReporter -->
<testsuite hostname="DESKTOP-MLJGBCN" failures="0" tests="1" name="Education.CrossBrowserTesting" time="0.034" errors="0" timestamp="2023-03-20T15:19:47 IST" skipped="0">
  <testcase classname="Education.CrossBrowserTesting" name="f" time="0.034"/>
  <system-out/>
</testsuite> <!-- Education.CrossBrowserTesting -->
